Exporter version: 5.6.2, Blender version: 2.79 (sub 0)
========= Conversion from Blender to Babylon.js =========
	Scene settings used:
		selected layers only:  false
		inline textures:  false
		Positions Precision :  4
		Normals Precision   :  3
		UVs Precision       :  3
		Vert Color Precision:  3
		Mat Weight Precision:  2
		texture directory:  C:\Users\Main\Desktop\Blender\Scenes\
	Python World class constructor completed
	processing begun of mesh:  Rock_10
		processing begun of Standard material:  Rock
		num positions      :  26
		num normals        :  26
		num uvs            :  0
		num uvs2           :  0
		num colors         :  0
		num indices        :  144
	processing begun of mesh:  Log_1.001
		processing begun of Standard material:  Brown.5
		processing begun of Standard material:  Brown.6
		processing begun of multimaterial:  scene_river_1.Multimaterial#0
		num positions      :  375
		num normals        :  375
		num uvs            :  750
		num uvs2           :  0
		num colors         :  0
		num indices        :  762
	processing begun of mesh:  Log_1
		registered as also a user of material:  Brown.5
		registered as also a user of material:  Brown.6
		processing begun of multimaterial:  scene_river_1.Multimaterial#1
		num positions      :  324
		num normals        :  324
		num uvs            :  648
		num uvs2           :  0
		num colors         :  0
		num indices        :  666
	processing begun of mesh:  Water
		processing begun of Standard material:  Water
		num positions      :  2025
		num normals        :  2025
		num uvs            :  0
		num uvs2           :  0
		num colors         :  0
		num indices        :  11616
	processing begun of mesh:  Grass_1
		processing begun of Standard material:  Green.004
		num positions      :  186
		num normals        :  186
		num uvs            :  372
		num uvs2           :  0
		num colors         :  0
		num indices        :  252
	processing begun of mesh:  Grass_2
		processing begun of Standard material:  Green.000
		num positions      :  517
		num normals        :  517
		num uvs            :  1034
		num uvs2           :  0
		num colors         :  0
		num indices        :  672
	processing begun of mesh:  Tree1
		processing begun of Standard material:  SpruceTreeLeaf.001
		processing begun of Standard material:  SpruceTreeTrunk.001
		processing begun of Standard material:  Stamm
		processing begun of Standard material:  Leafs
		processing begun of multimaterial:  scene_river_1.Multimaterial#2
		num positions      :  108
		num normals        :  108
		num uvs            :  0
		num uvs2           :  0
		num colors         :  0
		num indices        :  558
		WARNING: # of 0 area faces found:  10
	processing begun of camera (UniversalCamera):  Camera
	processing begun of mesh:  Tree2
		processing begun of Standard material:  SpruceTreeLeaf.006
		processing begun of Standard material:  SpruceTreeTrunk.006
		processing begun of Standard material:  Stamm.001
		processing begun of Standard material:  Leafs.001
		processing begun of multimaterial:  scene_river_1.Multimaterial#3
		num positions      :  108
		num normals        :  108
		num uvs            :  0
		num uvs2           :  0
		num colors         :  0
		num indices        :  558
		WARNING: # of 0 area faces found:  10
	processing begun of mesh:  Ground
		processing begun of Standard material:  Ground
		registered as also a user of material:  Water
		processing begun of multimaterial:  scene_river_1.Multimaterial#4
		num positions      :  4225
		num normals        :  4225
		num uvs            :  0
		num uvs2           :  0
		num colors         :  0
		num indices        :  24576
	processing begun of mesh:  Rock_10.001
		registered as also a user of material:  Rock
		num positions      :  26
		num normals        :  26
		num uvs            :  0
		num uvs2           :  0
		num colors         :  0
		num indices        :  144
	processing begun of mesh:  Rock_10.002
		registered as also a user of material:  Rock
		num positions      :  26
		num normals        :  26
		num uvs            :  0
		num uvs2           :  0
		num colors         :  0
		num indices        :  144
	processing begun of mesh:  Rock_10.004
		registered as also a user of material:  Rock
		num positions      :  26
		num normals        :  26
		num uvs            :  0
		num uvs2           :  0
		num colors         :  0
		num indices        :  144
	processing begun of mesh:  Rock_10.005
		registered as also a user of material:  Rock
		num positions      :  26
		num normals        :  26
		num uvs            :  0
		num uvs2           :  0
		num colors         :  0
		num indices        :  144
	processing begun of mesh:  Rock_10.006
		registered as also a user of material:  Rock
		num positions      :  26
		num normals        :  26
		num uvs            :  0
		num uvs2           :  0
		num colors         :  0
		num indices        :  144
	processing begun of mesh:  Rock_10.007
		registered as also a user of material:  Rock
		num positions      :  26
		num normals        :  26
		num uvs            :  0
		num uvs2           :  0
		num colors         :  0
		num indices        :  144
	processing begun of mesh:  Rock_10.008
		registered as also a user of material:  Rock
		num positions      :  26
		num normals        :  26
		num uvs            :  0
		num uvs2           :  0
		num colors         :  0
		num indices        :  144
	processing begun of mesh:  Rock_10.009
		registered as also a user of material:  Rock
		num positions      :  26
		num normals        :  26
		num uvs            :  0
		num uvs2           :  0
		num colors         :  0
		num indices        :  144
	processing begun of mesh:  Log_1.002
		processing begun of Standard material:  Brown.007
		processing begun of Standard material:  Brown.004
		processing begun of multimaterial:  scene_river_1.Multimaterial#5
		num positions      :  324
		num normals        :  324
		num uvs            :  648
		num uvs2           :  0
		num colors         :  0
		num indices        :  666
	processing begun of mesh:  Log_1.003
		processing begun of Standard material:  Brown.010
		processing begun of Standard material:  Brown.009
		processing begun of multimaterial:  scene_river_1.Multimaterial#6
		num positions      :  375
		num normals        :  375
		num uvs            :  750
		num uvs2           :  0
		num colors         :  0
		num indices        :  762
	processing begun of mesh:  Log_1.004
		processing begun of Standard material:  Brown.012
		processing begun of Standard material:  Brown.011
		processing begun of multimaterial:  scene_river_1.Multimaterial#7
		num positions      :  324
		num normals        :  324
		num uvs            :  648
		num uvs2           :  0
		num colors         :  0
		num indices        :  666
	processing begun of light (SUN):  Sun
========= Writing of scene file started =========
========= Writing of scene file completed =========
========= end of processing =========
elapsed time:  0 min, 1.3911 secs
